<?xml version="1.0" encoding="UTF-8"?>
<testsuite xmlns:xsi="http://www.w3.org/2001/XMLSchema-instance" xsi:noNamespaceSchemaLocation="https://maven.apache.org/surefire/maven-surefire-plugin/xsd/surefire-test-report.xsd" name="br.com.java.api.automation.runner.CucumberRunner" time="4.064" tests="6" errors="0" skipped="0" failures="0">
  <properties>
[...]
</properties>
  <testcase name="que eu consulto o &quot;05425-020&quot;" classname="br.com.java.api.automation.runner.CucumberRunner" time="2.058"/>
  <testcase name="os dados de CEP &quot;Rua Gilberto Sabino&quot; &quot;&quot; &quot;Pinheiros&quot; &quot;São Paulo&quot; &quot;SP&quot; &quot;3550308&quot; &quot;1004&quot; &quot;11&quot; &quot;7107&quot; deverão ser validados" classname="br.com.java.api.automation.runner.CucumberRunner" time="0.05"/>
  <testcase name="que eu consulto o &quot;06090-000&quot;" classname="br.com.java.api.automation.runner.CucumberRunner" time="0.69"/>
  <testcase name="os dados de CEP &quot;Rua João Crudo&quot; &quot;&quot; &quot;Centro&quot; &quot;Osasco&quot; &quot;SP&quot; &quot;3534401&quot; &quot;4923&quot; &quot;11&quot; &quot;6789&quot; deverão ser validados" classname="br.com.java.api.automation.runner.CucumberRunner" time="0.003"/>
  <testcase name="que eu consulto o &quot;03040-000&quot;" classname="br.com.java.api.automation.runner.CucumberRunner" time="0.667"/>
  <testcase name="os dados de CEP &quot;Rua Carneiro Leão&quot; &quot;até 599/600&quot; &quot;Brás&quot; &quot;São Paulo&quot; &quot;SP&quot; &quot;3550308&quot; &quot;1004&quot; &quot;11&quot; &quot;7107&quot; deverão ser validados" classname="br.com.java.api.automation.runner.CucumberRunner" time="0.001"/>
</testsuite>